<?xml version="1.0" encoding="UTF-8"?>
<testsuite name="Cucumber" time="87.678" tests="6" skipped="0" failures="1" errors="0">
<testcase classname="Searching new Cars" name="Finding new car and verify car titles as expected - Example #1.1" time="13.31">
<system-out><![CDATA[
Given user navigates to carwale.com.........................................passed
When user mouseover to Newcars..............................................passed
Then user clicks FindNewCars................................................passed
And user clicks "Toyota" cars...............................................passed
And user verifies as a car title as "Toyota Cars"...........................passed
]]></system-out>
</testcase>
<testcase classname="Searching new Cars" name="Finding new car and verify car titles as expected - Example #1.2" time="11.42">
<system-out><![CDATA[
Given user navigates to carwale.com.........................................passed
When user mouseover to Newcars..............................................passed
Then user clicks FindNewCars................................................passed
And user clicks "BMW" cars..................................................passed
And user verifies as a car title as "BMW Cars"..............................passed
]]></system-out>
</testcase>
<testcase classname="Searching new Cars" name="Finding new car and verify car titles as expected - Example #1.3" time="28.638">
<failure type="org.openqa.selenium.NoSuchElementException" message="no such element: Unable to locate element: {&quot;method&quot;:&quot;xpath&quot;,&quot;selector&quot;:&quot;//h1[@data-lang-id='make_page_heading']&quot;}
  (Session info: chrome=116.0.5845.188)
For documentation on this error, please visit: https://www.selenium.dev/documentation/webdriver/troubleshooting/errors#no-such-element-exception
Build info: version: '4.11.0', revision: '040bc5406b'
System info: os.name: 'Windows 11', os.arch: 'amd64', os.version: '10.0', java.version: '17.0.7'
Driver info: org.openqa.selenium.chrome.ChromeDriver
Command: [3d66bdedafc6701f44fce76d68129343, findElement {using=xpath, value=//h1[@data-lang-id='make_page_heading']}]
Capabilities {acceptInsecureCerts: false, browserName: chrome, browserVersion: 116.0.5845.188, chrome: {chromedriverVersion: 116.0.5845.96 (1a3918166880..., userDataDir: C:\Users\HP\AppData\Local\T...}, fedcm:accounts: true, goog:chromeOptions: {debuggerAddress: localhost:53821}, networkConnectionEnabled: false, pageLoadStrategy: normal, platformName: windows, proxy: Proxy(), se:cdp: ws://localhost:53821/devtoo..., se:cdpVersion: 116.0.5845.188, setWindowRect: true, strictFileInteractability: false, timeouts: {implicit: 0, pageLoad: 300000, script: 30000}, unhandledPromptBehavior: dismiss and notify, webauthn:extension:credBlob: true, webauthn:extension:largeBlob: true, webauthn:extension:minPinLength: true, webauthn:extension:prf: true, webauthn:virtualAuthenticators: true}
Session ID: 3d66bdedafc6701f44fce76d68129343">
<![CDATA[org.openqa.selenium.NoSuchElementException: no such element: Unable to locate element: {"method":"xpath","selector":"//h1[@data-lang-id='make_page_heading']"}
  (Session info: chrome=116.0.5845.188)
For documentation on this error, please visit: https://www.selenium.dev/documentation/webdriver/troubleshooting/errors#no-such-element-exception
Build info: version: '4.11.0', revision: '040bc5406b'
System info: os.name: 'Windows 11', os.arch: 'amd64', os.version: '10.0', java.version: '17.0.7'
Driver info: org.openqa.selenium.chrome.ChromeDriver
Command: [3d66bdedafc6701f44fce76d68129343, findElement {using=xpath, value=//h1[@data-lang-id='make_page_heading']}]
Capabilities {acceptInsecureCerts: false, browserName: chrome, browserVersion: 116.0.5845.188, chrome: {chromedriverVersion: 116.0.5845.96 (1a3918166880..., userDataDir: C:\Users\HP\AppData\Local\T...}, fedcm:accounts: true, goog:chromeOptions: {debuggerAddress: localhost:53821}, networkConnectionEnabled: false, pageLoadStrategy: normal, platformName: windows, proxy: Proxy(), se:cdp: ws://localhost:53821/devtoo..., se:cdpVersion: 116.0.5845.188, setWindowRect: true, strictFileInteractability: false, timeouts: {implicit: 0, pageLoad: 300000, script: 30000}, unhandledPromptBehavior: dismiss and notify, webauthn:extension:credBlob: true, webauthn:extension:largeBlob: true, webauthn:extension:minPinLength: true, webauthn:extension:prf: true, webauthn:virtualAuthenticators: true}
Session ID: 3d66bdedafc6701f44fce76d68129343
	at java.base/jdk.internal.reflect.NativeConstructorAccessorImpl.newInstance0(Native Method)
	at java.base/jdk.internal.reflect.NativeConstructorAccessorImpl.newInstance(NativeConstructorAccessorImpl.java:77)
	at java.base/jdk.internal.reflect.DelegatingConstructorAccessorImpl.newInstance(DelegatingConstructorAccessorImpl.java:45)
	at java.base/java.lang.reflect.Constructor.newInstanceWithCaller(Constructor.java:499)
	at java.base/java.lang.reflect.Constructor.newInstance(Constructor.java:480)
	at org.openqa.selenium.remote.codec.w3c.W3CHttpResponseCodec.createException(W3CHttpResponseCodec.java:200)
	at org.openqa.selenium.remote.codec.w3c.W3CHttpResponseCodec.decode(W3CHttpResponseCodec.java:133)
	at org.openqa.selenium.remote.codec.w3c.W3CHttpResponseCodec.decode(W3CHttpResponseCodec.java:52)
	at org.openqa.selenium.remote.HttpCommandExecutor.execute(HttpCommandExecutor.java:191)
	at org.openqa.selenium.remote.service.DriverCommandExecutor.invokeExecute(DriverCommandExecutor.java:196)
	at org.openqa.selenium.remote.service.DriverCommandExecutor.execute(DriverCommandExecutor.java:171)
	at org.openqa.selenium.remote.RemoteWebDriver.execute(RemoteWebDriver.java:518)
	at org.openqa.selenium.remote.ElementLocation$ElementFinder$2.findElement(ElementLocation.java:165)
	at org.openqa.selenium.remote.ElementLocation.findElement(ElementLocation.java:59)
	at org.openqa.selenium.remote.RemoteWebDriver.findElement(RemoteWebDriver.java:355)
	at org.openqa.selenium.remote.RemoteWebDriver.findElement(RemoteWebDriver.java:349)
	at Pages.Objects.BasePage.getText(BasePage.java:110)
	at Pages.Objects.BaseCarPage.getCarTitle(BaseCarPage.java:8)
	at CarWaleSteps.FindNewCarStepsSmoke.user_verifies_as_a_car_title_as(FindNewCarStepsSmoke.java:86)
	at âœ½.user verifies as a car title as "Kia Carsss"(file:///D:/new_cucumber_practice/BddFramework/src/test/resources/Features/FindNewCars2.feature:11)
]]>
</failure>
<system-out><![CDATA[
Given user navigates to carwale.com.........................................passed
When user mouseover to Newcars..............................................passed
Then user clicks FindNewCars................................................passed
And user clicks "Ki" cars...................................................passed
And user verifies as a car title as "Kia Carsss"............................failed
]]></system-out>
</testcase>
<testcase classname="Searching new Cars" name="Finding new car and verify car titles as expected - Example #1.4" time="10.945">
<system-out><![CDATA[
Given user navigates to carwale.com.........................................passed
When user mouseover to Newcars..............................................passed
Then user clicks FindNewCars................................................passed
And user clicks "Audi" cars.................................................passed
And user verifies as a car title as "Audi Cars".............................passed
]]></system-out>
</testcase>
<testcase classname="Searching new Cars" name="Finding new car and verify car titles as expected - Example #1.5" time="11.628">
<system-out><![CDATA[
Given user navigates to carwale.com.........................................passed
When user mouseover to Newcars..............................................passed
Then user clicks FindNewCars................................................passed
And user clicks "Mahindra" cars.............................................passed
And user verifies as a car title as "Mahindra Cars".........................passed
]]></system-out>
</testcase>
<testcase classname="Searching new Cars" name="Finding new car and verify car titles as expected - Example #1.6" time="11.339">
<system-out><![CDATA[
Given user navigates to carwale.com.........................................passed
When user mouseover to Newcars..............................................passed
Then user clicks FindNewCars................................................passed
And user clicks "Hyundai" cars..............................................passed
And user verifies as a car title as "Hyundai Cars"..........................passed
]]></system-out>
</testcase>
</testsuite>
